	Command being timed: "/nobackup/pjjg18/revbayes/projects/cmake/build/rb mc3time.Rev"
	User time (seconds): 0.73
	System time (seconds): 0.06
	Percent of CPU this job got: 48%
	Elapsed (wall clock) time (h:mm:ss or m:ss): 0:01.63
	Average shared text size (kbytes): 0
	Average unshared data size (kbytes): 0
	Average stack size (kbytes): 0
	Average total size (kbytes): 0
	Maximum resident set size (kbytes): 167968
	Average resident set size (kbytes): 0
	Major (requiring I/O) page faults: 0
	Minor (reclaiming a frame) page faults: 42763
	Voluntary context switches: 424
	Involuntary context switches: 7
	Swaps: 0
	File system inputs: 408
	File system outputs: 8
	Socket messages sent: 0
	Socket messages received: 0
	Signals delivered: 0
	Page size (bytes): 4096
	Exit status: 0
